{"/Users/admin/Documents/Projets_Ecole/myS3Bucket/src/main.ts": {"path":"/Users/admin/Documents/Projets_Ecole/myS3Bucket/src/main.ts","statementMap":{"0":{"start":{"line":11,"column":0},"end":{"line":11,"column":9}},"1":{"start":{"line":12,"column":0},"end":{"line":28,"column":40}},"2":{"start":{"line":14,"column":37},"end":{"line":14,"column":46}},"3":{"start":{"line":16,"column":8},"end":{"line":16,"column":35}},"4":{"start":{"line":19,"column":8},"end":{"line":19,"column":49}},"5":{"start":{"line":20,"column":8},"end":{"line":20,"column":59}},"6":{"start":{"line":21,"column":8},"end":{"line":21,"column":28}},"7":{"start":{"line":23,"column":21},"end":{"line":23,"column":45}},"8":{"start":{"line":24,"column":28},"end":{"line":26,"column":10}},"9":{"start":{"line":25,"column":12},"end":{"line":25,"column":70}},"10":{"start":{"line":28,"column":20},"end":{"line":28,"column":38}}},"fnMap":{"0":{"name":"(anonymous_0)","decl":{"start":{"line":13,"column":10},"end":{"line":13,"column":11}},"loc":{"start":{"line":13,"column":30},"end":{"line":27,"column":5}},"line":13},"1":{"name":"(anonymous_1)","decl":{"start":{"line":24,"column":45},"end":{"line":24,"column":46}},"loc":{"start":{"line":24,"column":51},"end":{"line":26,"column":9}},"line":24},"2":{"name":"(anonymous_2)","decl":{"start":{"line":28,"column":11},"end":{"line":28,"column":12}},"loc":{"start":{"line":28,"column":20},"end":{"line":28,"column":38}},"line":28}},"branchMap":{"0":{"loc":{"start":{"line":23,"column":21},"end":{"line":23,"column":45}},"type":"binary-expr","locations":[{"start":{"line":23,"column":21},"end":{"line":23,"column":37}},{"start":{"line":23,"column":41},"end":{"line":23,"column":45}}],"line":23}},"s":{"0":1,"1":1,"2":0,"3":0,"4":0,"5":0,"6":0,"7":0,"8":0,"9":0,"10":0},"f":{"0":0,"1":0,"2":0},"b":{"0":[0,0]},"_coverageSchema":"43e27e138ebf9cfc5966b082cf9a028302ed4184","hash":"ddf87ab99992f092c3791671e7a07467d3dcfb99"}
,"/Users/admin/Documents/Projets_Ecole/myS3Bucket/src/controller/UserController.ts": {"path":"/Users/admin/Documents/Projets_Ecole/myS3Bucket/src/controller/UserController.ts","statementMap":{"0":{"start":{"line":7,"column":17},"end":{"line":16,"column":5}},"1":{"start":{"line":8,"column":49},"end":{"line":8,"column":68}},"2":{"start":{"line":9,"column":8},"end":{"line":14,"column":11}},"3":{"start":{"line":10,"column":12},"end":{"line":10,"column":32}},"4":{"start":{"line":11,"column":12},"end":{"line":11,"column":53}},"5":{"start":{"line":13,"column":12},"end":{"line":13,"column":52}},"6":{"start":{"line":17,"column":17},"end":{"line":24,"column":5}},"7":{"start":{"line":18,"column":49},"end":{"line":18,"column":68}},"8":{"start":{"line":19,"column":8},"end":{"line":23,"column":11}},"9":{"start":{"line":20,"column":12},"end":{"line":20,"column":53}},"10":{"start":{"line":22,"column":12},"end":{"line":22,"column":52}},"11":{"start":{"line":25,"column":18},"end":{"line":39,"column":5}},"12":{"start":{"line":26,"column":49},"end":{"line":26,"column":68}},"13":{"start":{"line":27,"column":8},"end":{"line":27,"column":34}},"14":{"start":{"line":28,"column":46},"end":{"line":28,"column":58}},"15":{"start":{"line":29,"column":8},"end":{"line":38,"column":11}},"16":{"start":{"line":34,"column":12},"end":{"line":34,"column":53}},"17":{"start":{"line":36,"column":12},"end":{"line":36,"column":31}},"18":{"start":{"line":37,"column":12},"end":{"line":37,"column":104}}},"fnMap":{"0":{"name":"(anonymous_0)","decl":{"start":{"line":7,"column":17},"end":{"line":7,"column":18}},"loc":{"start":{"line":7,"column":85},"end":{"line":16,"column":5}},"line":7},"1":{"name":"(anonymous_1)","decl":{"start":{"line":9,"column":41},"end":{"line":9,"column":42}},"loc":{"start":{"line":9,"column":51},"end":{"line":12,"column":9}},"line":9},"2":{"name":"(anonymous_2)","decl":{"start":{"line":12,"column":17},"end":{"line":12,"column":18}},"loc":{"start":{"line":12,"column":26},"end":{"line":14,"column":9}},"line":12},"3":{"name":"(anonymous_3)","decl":{"start":{"line":17,"column":17},"end":{"line":17,"column":18}},"loc":{"start":{"line":17,"column":85},"end":{"line":24,"column":5}},"line":17},"4":{"name":"(anonymous_4)","decl":{"start":{"line":19,"column":61},"end":{"line":19,"column":62}},"loc":{"start":{"line":19,"column":71},"end":{"line":21,"column":9}},"line":19},"5":{"name":"(anonymous_5)","decl":{"start":{"line":21,"column":17},"end":{"line":21,"column":18}},"loc":{"start":{"line":21,"column":26},"end":{"line":23,"column":9}},"line":21},"6":{"name":"(anonymous_6)","decl":{"start":{"line":25,"column":18},"end":{"line":25,"column":19}},"loc":{"start":{"line":25,"column":86},"end":{"line":39,"column":5}},"line":25},"7":{"name":"(anonymous_7)","decl":{"start":{"line":33,"column":16},"end":{"line":33,"column":17}},"loc":{"start":{"line":33,"column":26},"end":{"line":35,"column":9}},"line":33},"8":{"name":"(anonymous_8)","decl":{"start":{"line":35,"column":17},"end":{"line":35,"column":18}},"loc":{"start":{"line":35,"column":26},"end":{"line":38,"column":9}},"line":35}},"branchMap":{},"s":{"0":1,"1":0,"2":0,"3":0,"4":0,"5":0,"6":1,"7":0,"8":0,"9":0,"10":0,"11":1,"12":0,"13":0,"14":0,"15":0,"16":0,"17":0,"18":0},"f":{"0":0,"1":0,"2":0,"3":0,"4":0,"5":0,"6":0,"7":0,"8":0},"b":{},"_coverageSchema":"43e27e138ebf9cfc5966b082cf9a028302ed4184","hash":"f86d2f82940bb8042c4f138678acf4fe5fbdac2d"}
,"/Users/admin/Documents/Projets_Ecole/myS3Bucket/src/entity/User.ts": {"path":"/Users/admin/Documents/Projets_Ecole/myS3Bucket/src/entity/User.ts","statementMap":{},"fnMap":{},"branchMap":{},"s":{},"f":{},"b":{},"_coverageSchema":"43e27e138ebf9cfc5966b082cf9a028302ed4184","hash":"d840002e05e30d2a1afab846f3c1f14e4c0a9aa5"}
,"/Users/admin/Documents/Projets_Ecole/myS3Bucket/src/middlewares/passport.ts": {"path":"/Users/admin/Documents/Projets_Ecole/myS3Bucket/src/middlewares/passport.ts","statementMap":{},"fnMap":{},"branchMap":{},"s":{},"f":{},"b":{},"hash":"a20fa4aa830496e9610555e1d12a9a7f3dee9b5e"}
,"/Users/admin/Documents/Projets_Ecole/myS3Bucket/src/routes/index.ts": {"path":"/Users/admin/Documents/Projets_Ecole/myS3Bucket/src/routes/index.ts","statementMap":{"0":{"start":{"line":5,"column":12},"end":{"line":5,"column":20}},"1":{"start":{"line":7,"column":0},"end":{"line":12,"column":3}},"2":{"start":{"line":8,"column":4},"end":{"line":11,"column":13}},"3":{"start":{"line":13,"column":0},"end":{"line":13,"column":23}}},"fnMap":{"0":{"name":"(anonymous_0)","decl":{"start":{"line":7,"column":13},"end":{"line":7,"column":14}},"loc":{"start":{"line":7,"column":62},"end":{"line":12,"column":1}},"line":7}},"branchMap":{},"s":{"0":1,"1":1,"2":0,"3":1},"f":{"0":0},"b":{},"_coverageSchema":"43e27e138ebf9cfc5966b082cf9a028302ed4184","hash":"f7a29cdaeadc6a4738ee049e3061882a5a75666d"}
,"/Users/admin/Documents/Projets_Ecole/myS3Bucket/src/routes/userRoutes.ts": {"path":"/Users/admin/Documents/Projets_Ecole/myS3Bucket/src/routes/userRoutes.ts","statementMap":{"0":{"start":{"line":4,"column":12},"end":{"line":4,"column":20}},"1":{"start":{"line":7,"column":0},"end":{"line":7,"column":33}},"2":{"start":{"line":8,"column":0},"end":{"line":8,"column":36}},"3":{"start":{"line":9,"column":0},"end":{"line":9,"column":35}}},"fnMap":{},"branchMap":{},"s":{"0":1,"1":1,"2":1,"3":1},"f":{},"b":{},"_coverageSchema":"43e27e138ebf9cfc5966b082cf9a028302ed4184","hash":"faa4f988494cb153daf6e0bfdf59749ed333b921"}
}
