{"/Users/20171115/Desktop/myS3Bucket/src/main.ts": {"path":"/Users/20171115/Desktop/myS3Bucket/src/main.ts","statementMap":{"0":{"start":{"line":4,"column":0},"end":{"line":4,"column":9}},"1":{"start":{"line":5,"column":29},"end":{"line":5,"column":38}},"2":{"start":{"line":6,"column":13},"end":{"line":6,"column":37}},"3":{"start":{"line":8,"column":0},"end":{"line":13,"column":3}},"4":{"start":{"line":9,"column":4},"end":{"line":12,"column":7}},"5":{"start":{"line":14,"column":20},"end":{"line":16,"column":2}},"6":{"start":{"line":15,"column":4},"end":{"line":15,"column":62}}},"fnMap":{"0":{"name":"(anonymous_0)","decl":{"start":{"line":8,"column":13},"end":{"line":8,"column":14}},"loc":{"start":{"line":8,"column":62},"end":{"line":13,"column":1}},"line":8},"1":{"name":"(anonymous_1)","decl":{"start":{"line":14,"column":37},"end":{"line":14,"column":38}},"loc":{"start":{"line":14,"column":43},"end":{"line":16,"column":1}},"line":14}},"branchMap":{"0":{"loc":{"start":{"line":6,"column":13},"end":{"line":6,"column":37}},"type":"binary-expr","locations":[{"start":{"line":6,"column":13},"end":{"line":6,"column":29}},{"start":{"line":6,"column":33},"end":{"line":6,"column":37}}],"line":6}},"s":{"0":1,"1":1,"2":1,"3":1,"4":1,"5":1,"6":1},"f":{"0":1,"1":1},"b":{"0":[1,1]},"_coverageSchema":"43e27e138ebf9cfc5966b082cf9a028302ed4184","hash":"b7a0951a9a6c8fc8bef1091355f0a5b5598a4497"}
}
